<?xml version="1.0" encoding="UTF-8"?>
<coverage generated="1713035666864" clover="3.2.0">
  <project timestamp="1713035666864" name="All files">
    <metrics statements="34" coveredstatements="34" conditionals="2" coveredconditionals="2" methods="10" coveredmethods="10" elements="46" coveredelements="46" complexity="0" loc="34" ncloc="34" packages="1" files="7" classes="7"/>
    <file name="App.tsx" path="/home/charlie/dev/bath-hack-2024/frontend/src/components/App.tsx">
      <metrics statements="3" coveredstatements="3" conditionals="0" coveredconditionals="0" methods="1" coveredmethods="1"/>
      <line num="1" count="1" type="stmt"/>
      <line num="3" count="1" type="stmt"/>
      <line num="4" count="1" type="stmt"/>
    </file>
    <file name="Header.tsx" path="/home/charlie/dev/bath-hack-2024/frontend/src/components/Header.tsx">
      <metrics statements="4" coveredstatements="4" conditionals="0" coveredconditionals="0" methods="1" coveredmethods="1"/>
      <line num="1" count="1" type="stmt"/>
      <line num="2" count="1" type="stmt"/>
      <line num="5" count="1" type="stmt"/>
      <line num="14" count="1" type="stmt"/>
    </file>
    <file name="Map.tsx" path="/home/charlie/dev/bath-hack-2024/frontend/src/components/Map.tsx">
      <metrics statements="7" coveredstatements="7" conditionals="0" coveredconditionals="0" methods="2" coveredmethods="2"/>
      <line num="1" count="2" type="stmt"/>
      <line num="2" count="2" type="stmt"/>
      <line num="4" count="2" type="stmt"/>
      <line num="17" count="2" type="stmt"/>
      <line num="18" count="2" type="stmt"/>
      <line num="27" count="20" type="stmt"/>
      <line num="44" count="2" type="stmt"/>
    </file>
    <file name="Marker.tsx" path="/home/charlie/dev/bath-hack-2024/frontend/src/components/Marker.tsx">
      <metrics statements="3" coveredstatements="3" conditionals="0" coveredconditionals="0" methods="1" coveredmethods="1"/>
      <line num="9" count="1" type="stmt"/>
      <line num="10" count="1" type="stmt"/>
      <line num="27" count="3" type="stmt"/>
    </file>
    <file name="Station.tsx" path="/home/charlie/dev/bath-hack-2024/frontend/src/components/Station.tsx">
      <metrics statements="3" coveredstatements="3" conditionals="0" coveredconditionals="0" methods="1" coveredmethods="1"/>
      <line num="8" count="11" type="stmt"/>
      <line num="9" count="11" type="stmt"/>
      <line num="18" count="2" type="stmt"/>
    </file>
    <file name="Stations.tsx" path="/home/charlie/dev/bath-hack-2024/frontend/src/components/Stations.tsx">
      <metrics statements="5" coveredstatements="5" conditionals="0" coveredconditionals="0" methods="2" coveredmethods="2"/>
      <line num="1" count="1" type="stmt"/>
      <line num="3" count="1" type="stmt"/>
      <line num="16" count="1" type="stmt"/>
      <line num="17" count="1" type="stmt"/>
      <line num="22" count="10" type="stmt"/>
    </file>
    <file name="StyledLink.tsx" path="/home/charlie/dev/bath-hack-2024/frontend/src/components/StyledLink.tsx">
      <metrics statements="9" coveredstatements="9" conditionals="2" coveredconditionals="2" methods="2" coveredmethods="2"/>
      <line num="1" count="2" type="stmt"/>
      <line num="2" count="2" type="stmt"/>
      <line num="3" count="2" type="stmt"/>
      <line num="10" count="2" type="stmt"/>
      <line num="11" count="5" type="stmt"/>
      <line num="13" count="5" type="stmt"/>
      <line num="15" count="5" type="stmt"/>
      <line num="16" count="4" type="cond" truecount="2" falsecount="0"/>
      <line num="19" count="5" type="stmt"/>
    </file>
  </project>
</coverage>
