<?xml version="1.0" encoding="UTF-8"?>
<coverage generated="1713032916463" clover="3.2.0">
  <project timestamp="1713032916463" name="All files">
    <metrics statements="24" coveredstatements="24" conditionals="0" coveredconditionals="0" methods="7" coveredmethods="7" elements="31" coveredelements="31" complexity="0" loc="24" ncloc="24" packages="1" files="6" classes="6"/>
    <file name="App.tsx" path="/home/charlie/dev/bath-hack-2024/frontend/src/components/App.tsx">
      <metrics statements="3" coveredstatements="3" conditionals="0" coveredconditionals="0" methods="1" coveredmethods="1"/>
      <line num="1" count="1" type="stmt"/>
      <line num="3" count="1" type="stmt"/>
      <line num="4" count="1" type="stmt"/>
    </file>
    <file name="Header.tsx" path="/home/charlie/dev/bath-hack-2024/frontend/src/components/Header.tsx">
      <metrics statements="4" coveredstatements="4" conditionals="0" coveredconditionals="0" methods="1" coveredmethods="1"/>
      <line num="1" count="1" type="stmt"/>
      <line num="2" count="1" type="stmt"/>
      <line num="5" count="1" type="stmt"/>
      <line num="14" count="1" type="stmt"/>
    </file>
    <file name="Map.tsx" path="/home/charlie/dev/bath-hack-2024/frontend/src/components/Map.tsx">
      <metrics statements="7" coveredstatements="7" conditionals="0" coveredconditionals="0" methods="2" coveredmethods="2"/>
      <line num="1" count="2" type="stmt"/>
      <line num="2" count="2" type="stmt"/>
      <line num="4" count="2" type="stmt"/>
      <line num="17" count="2" type="stmt"/>
      <line num="18" count="2" type="stmt"/>
      <line num="27" count="20" type="stmt"/>
      <line num="44" count="2" type="stmt"/>
    </file>
    <file name="Marker.tsx" path="/home/charlie/dev/bath-hack-2024/frontend/src/components/Marker.tsx">
      <metrics statements="3" coveredstatements="3" conditionals="0" coveredconditionals="0" methods="1" coveredmethods="1"/>
      <line num="9" count="1" type="stmt"/>
      <line num="10" count="1" type="stmt"/>
      <line num="27" count="3" type="stmt"/>
    </file>
    <file name="Stations.tsx" path="/home/charlie/dev/bath-hack-2024/frontend/src/components/Stations.tsx">
      <metrics statements="2" coveredstatements="2" conditionals="0" coveredconditionals="0" methods="1" coveredmethods="1"/>
      <line num="1" count="1" type="stmt"/>
      <line num="2" count="1" type="stmt"/>
    </file>
    <file name="StyledLink.tsx" path="/home/charlie/dev/bath-hack-2024/frontend/src/components/StyledLink.tsx">
      <metrics statements="5" coveredstatements="5" conditionals="0" coveredconditionals="0" methods="1" coveredmethods="1"/>
      <line num="1" count="2" type="stmt"/>
      <line num="2" count="2" type="stmt"/>
      <line num="9" count="2" type="stmt"/>
      <line num="10" count="4" type="stmt"/>
      <line num="11" count="4" type="stmt"/>
    </file>
  </project>
</coverage>
