{"/home/charlie/dev/bath-hack-2024/frontend/src/components/App.tsx": {"path":"/home/charlie/dev/bath-hack-2024/frontend/src/components/App.tsx","statementMap":{"0":{"start":{"line":1,"column":0},"end":{"line":1,"column":30}},"1":{"start":{"line":4,"column":2},"end":{"line":8,"column":null}},"2":{"start":{"line":3,"column":0},"end":{"line":3,"column":24}}},"fnMap":{"0":{"name":"App","decl":{"start":{"line":3,"column":24},"end":{"line":3,"column":27}},"loc":{"start":{"line":3,"column":27},"end":{"line":9,"column":1}}}},"branchMap":{},"s":{"0":1,"1":1,"2":1},"f":{"0":1},"b":{}}
,"/home/charlie/dev/bath-hack-2024/frontend/src/components/Header.tsx": {"path":"/home/charlie/dev/bath-hack-2024/frontend/src/components/Header.tsx","statementMap":{"0":{"start":{"line":1,"column":0},"end":{"line":1,"column":37}},"1":{"start":{"line":2,"column":0},"end":{"line":2,"column":26}},"2":{"start":{"line":5,"column":2},"end":{"line":11,"column":null}},"3":{"start":{"line":14,"column":0},"end":{"line":14,"column":22}}},"fnMap":{"0":{"name":"Header","decl":{"start":{"line":4,"column":9},"end":{"line":4,"column":15}},"loc":{"start":{"line":4,"column":15},"end":{"line":12,"column":1}}}},"branchMap":{},"s":{"0":1,"1":1,"2":1,"3":1},"f":{"0":1},"b":{}}
,"/home/charlie/dev/bath-hack-2024/frontend/src/components/Map.tsx": {"path":"/home/charlie/dev/bath-hack-2024/frontend/src/components/Map.tsx","statementMap":{"0":{"start":{"line":1,"column":0},"end":{"line":1,"column":50}},"1":{"start":{"line":2,"column":0},"end":{"line":2,"column":30}},"2":{"start":{"line":4,"column":20},"end":{"line":15,"column":null}},"3":{"start":{"line":17,"column":12},"end":{"line":42,"column":1}},"4":{"start":{"line":18,"column":2},"end":{"line":41,"column":null}},"5":{"start":{"line":27,"column":10},"end":{"line":28,"column":null}},"6":{"start":{"line":44,"column":0},"end":{"line":44,"column":19}}},"fnMap":{"0":{"name":"(anonymous_1)","decl":{"start":{"line":17,"column":12},"end":{"line":17,"column":15}},"loc":{"start":{"line":17,"column":17},"end":{"line":42,"column":1}}},"1":{"name":"(anonymous_2)","decl":{"start":{"line":26,"column":25},"end":{"line":26,"column":26}},"loc":{"start":{"line":27,"column":10},"end":{"line":28,"column":null}}}},"branchMap":{},"s":{"0":2,"1":2,"2":2,"3":2,"4":2,"5":20,"6":2},"f":{"0":2,"1":20},"b":{}}
,"/home/charlie/dev/bath-hack-2024/frontend/src/components/Marker.tsx": {"path":"/home/charlie/dev/bath-hack-2024/frontend/src/components/Marker.tsx","statementMap":{"0":{"start":{"line":9,"column":19},"end":{"line":9,"column":24}},"1":{"start":{"line":10,"column":2},"end":{"line":24,"column":null}},"2":{"start":{"line":27,"column":0},"end":{"line":27,"column":22}}},"fnMap":{"0":{"name":"Marker","decl":{"start":{"line":8,"column":9},"end":{"line":8,"column":15}},"loc":{"start":{"line":8,"column":34},"end":{"line":25,"column":1}}}},"branchMap":{},"s":{"0":1,"1":1,"2":3},"f":{"0":1},"b":{}}
,"/home/charlie/dev/bath-hack-2024/frontend/src/components/Stations.tsx": {"path":"/home/charlie/dev/bath-hack-2024/frontend/src/components/Stations.tsx","statementMap":{"0":{"start":{"line":2,"column":2},"end":{"line":18,"column":null}},"1":{"start":{"line":1,"column":0},"end":{"line":1,"column":24}}},"fnMap":{"0":{"name":"Stations","decl":{"start":{"line":1,"column":24},"end":{"line":1,"column":32}},"loc":{"start":{"line":1,"column":32},"end":{"line":19,"column":1}}}},"branchMap":{},"s":{"0":1,"1":1},"f":{"0":1},"b":{}}
,"/home/charlie/dev/bath-hack-2024/frontend/src/components/StyledLink.tsx": {"path":"/home/charlie/dev/bath-hack-2024/frontend/src/components/StyledLink.tsx","statementMap":{"0":{"start":{"line":1,"column":0},"end":{"line":1,"column":51}},"1":{"start":{"line":2,"column":0},"end":{"line":2,"column":30}},"2":{"start":{"line":10,"column":27},"end":{"line":10,"column":32}},"3":{"start":{"line":11,"column":2},"end":{"line":18,"column":null}},"4":{"start":{"line":9,"column":0},"end":{"line":9,"column":24}}},"fnMap":{"0":{"name":"StyledLink","decl":{"start":{"line":9,"column":24},"end":{"line":9,"column":34}},"loc":{"start":{"line":9,"column":57},"end":{"line":19,"column":1}}}},"branchMap":{},"s":{"0":2,"1":2,"2":4,"3":4,"4":2},"f":{"0":4},"b":{}}
}
