{"/home/charlie/dev/bath-hack-2024/frontend/src/components/App.tsx": {"path":"/home/charlie/dev/bath-hack-2024/frontend/src/components/App.tsx","statementMap":{"0":{"start":{"line":1,"column":0},"end":{"line":1,"column":30}},"1":{"start":{"line":4,"column":2},"end":{"line":8,"column":null}},"2":{"start":{"line":3,"column":0},"end":{"line":3,"column":24}}},"fnMap":{"0":{"name":"App","decl":{"start":{"line":3,"column":24},"end":{"line":3,"column":27}},"loc":{"start":{"line":3,"column":27},"end":{"line":9,"column":1}}}},"branchMap":{},"s":{"0":1,"1":1,"2":1},"f":{"0":1},"b":{}}
,"/home/charlie/dev/bath-hack-2024/frontend/src/components/Header.tsx": {"path":"/home/charlie/dev/bath-hack-2024/frontend/src/components/Header.tsx","statementMap":{"0":{"start":{"line":1,"column":0},"end":{"line":1,"column":37}},"1":{"start":{"line":2,"column":0},"end":{"line":2,"column":26}},"2":{"start":{"line":5,"column":2},"end":{"line":11,"column":null}},"3":{"start":{"line":14,"column":0},"end":{"line":14,"column":22}}},"fnMap":{"0":{"name":"Header","decl":{"start":{"line":4,"column":9},"end":{"line":4,"column":15}},"loc":{"start":{"line":4,"column":15},"end":{"line":12,"column":1}}}},"branchMap":{},"s":{"0":1,"1":1,"2":1,"3":1},"f":{"0":1},"b":{}}
,"/home/charlie/dev/bath-hack-2024/frontend/src/components/Map.tsx": {"path":"/home/charlie/dev/bath-hack-2024/frontend/src/components/Map.tsx","statementMap":{"0":{"start":{"line":1,"column":0},"end":{"line":1,"column":50}},"1":{"start":{"line":2,"column":0},"end":{"line":2,"column":30}},"2":{"start":{"line":4,"column":20},"end":{"line":15,"column":null}},"3":{"start":{"line":17,"column":12},"end":{"line":42,"column":1}},"4":{"start":{"line":18,"column":2},"end":{"line":41,"column":null}},"5":{"start":{"line":27,"column":10},"end":{"line":28,"column":null}},"6":{"start":{"line":44,"column":0},"end":{"line":44,"column":19}}},"fnMap":{"0":{"name":"(anonymous_1)","decl":{"start":{"line":17,"column":12},"end":{"line":17,"column":15}},"loc":{"start":{"line":17,"column":17},"end":{"line":42,"column":1}}},"1":{"name":"(anonymous_2)","decl":{"start":{"line":26,"column":25},"end":{"line":26,"column":26}},"loc":{"start":{"line":27,"column":10},"end":{"line":28,"column":null}}}},"branchMap":{},"s":{"0":2,"1":2,"2":2,"3":2,"4":2,"5":20,"6":2},"f":{"0":2,"1":20},"b":{}}
,"/home/charlie/dev/bath-hack-2024/frontend/src/components/Marker.tsx": {"path":"/home/charlie/dev/bath-hack-2024/frontend/src/components/Marker.tsx","statementMap":{"0":{"start":{"line":9,"column":19},"end":{"line":9,"column":24}},"1":{"start":{"line":10,"column":2},"end":{"line":24,"column":null}},"2":{"start":{"line":27,"column":0},"end":{"line":27,"column":22}}},"fnMap":{"0":{"name":"Marker","decl":{"start":{"line":8,"column":9},"end":{"line":8,"column":15}},"loc":{"start":{"line":8,"column":34},"end":{"line":25,"column":1}}}},"branchMap":{},"s":{"0":1,"1":1,"2":3},"f":{"0":1},"b":{}}
,"/home/charlie/dev/bath-hack-2024/frontend/src/components/Station.tsx": {"path":"/home/charlie/dev/bath-hack-2024/frontend/src/components/Station.tsx","statementMap":{"0":{"start":{"line":8,"column":2},"end":{"line":8,"column":null}},"1":{"start":{"line":9,"column":2},"end":{"line":15,"column":null}},"2":{"start":{"line":18,"column":0},"end":{"line":18,"column":23}}},"fnMap":{"0":{"name":"Station","decl":{"start":{"line":7,"column":9},"end":{"line":7,"column":16}},"loc":{"start":{"line":7,"column":36},"end":{"line":16,"column":1}}}},"branchMap":{},"s":{"0":11,"1":11,"2":2},"f":{"0":11},"b":{}}
,"/home/charlie/dev/bath-hack-2024/frontend/src/components/Stations.tsx": {"path":"/home/charlie/dev/bath-hack-2024/frontend/src/components/Stations.tsx","statementMap":{"0":{"start":{"line":1,"column":0},"end":{"line":1,"column":49}},"1":{"start":{"line":3,"column":33},"end":{"line":14,"column":null}},"2":{"start":{"line":17,"column":2},"end":{"line":26,"column":null}},"3":{"start":{"line":22,"column":10},"end":{"line":22,"column":46}},"4":{"start":{"line":16,"column":0},"end":{"line":16,"column":24}}},"fnMap":{"0":{"name":"Stations","decl":{"start":{"line":16,"column":24},"end":{"line":16,"column":32}},"loc":{"start":{"line":16,"column":32},"end":{"line":27,"column":1}}},"1":{"name":"(anonymous_2)","decl":{"start":{"line":21,"column":22},"end":{"line":21,"column":23}},"loc":{"start":{"line":22,"column":10},"end":{"line":22,"column":46}}}},"branchMap":{},"s":{"0":1,"1":1,"2":1,"3":10,"4":1},"f":{"0":1,"1":10},"b":{}}
,"/home/charlie/dev/bath-hack-2024/frontend/src/components/StyledLink.tsx": {"path":"/home/charlie/dev/bath-hack-2024/frontend/src/components/StyledLink.tsx","statementMap":{"0":{"start":{"line":1,"column":0},"end":{"line":1,"column":64}},"1":{"start":{"line":2,"column":0},"end":{"line":2,"column":30}},"2":{"start":{"line":3,"column":0},"end":{"line":3,"column":44}},"3":{"start":{"line":11,"column":19},"end":{"line":11,"column":32}},"4":{"start":{"line":13,"column":36},"end":{"line":13,"column":52}},"5":{"start":{"line":15,"column":2},"end":{"line":17,"column":26}},"6":{"start":{"line":16,"column":4},"end":{"line":16,"column":68}},"7":{"start":{"line":19,"column":2},"end":{"line":26,"column":null}},"8":{"start":{"line":10,"column":0},"end":{"line":10,"column":24}}},"fnMap":{"0":{"name":"StyledLink","decl":{"start":{"line":10,"column":24},"end":{"line":10,"column":34}},"loc":{"start":{"line":10,"column":68},"end":{"line":27,"column":1}}},"1":{"name":"(anonymous_1)","decl":{"start":{"line":15,"column":12},"end":{"line":15,"column":15}},"loc":{"start":{"line":15,"column":17},"end":{"line":17,"column":3}}}},"branchMap":{"0":{"loc":{"start":{"line":16,"column":17},"end":{"line":16,"column":66}},"type":"cond-expr","locations":[{"start":{"line":16,"column":44},"end":{"line":16,"column":57}},{"start":{"line":16,"column":60},"end":{"line":16,"column":66}}]}},"s":{"0":2,"1":2,"2":2,"3":5,"4":5,"5":5,"6":4,"7":5,"8":2},"f":{"0":5,"1":4},"b":{"0":[1,3]}}
}
