TN:
SF:src/components/App.tsx
FN:3,App
FNF:1
FNH:1
FNDA:1,App
DA:1,1
DA:3,1
DA:4,1
LF:3
LH:3
BRF:0
BRH:0
end_of_record
TN:
SF:src/components/Header.tsx
FN:4,Header
FNF:1
FNH:1
FNDA:1,Header
DA:1,1
DA:2,1
DA:5,1
DA:14,1
LF:4
LH:4
BRF:0
BRH:0
end_of_record
TN:
SF:src/components/Map.tsx
FN:17,(anonymous_1)
FN:26,(anonymous_2)
FNF:2
FNH:2
FNDA:2,(anonymous_1)
FNDA:20,(anonymous_2)
DA:1,2
DA:2,2
DA:4,2
DA:17,2
DA:18,2
DA:27,20
DA:44,2
LF:7
LH:7
BRF:0
BRH:0
end_of_record
TN:
SF:src/components/Marker.tsx
FN:8,Marker
FNF:1
FNH:1
FNDA:1,Marker
DA:9,1
DA:10,1
DA:27,3
LF:3
LH:3
BRF:0
BRH:0
end_of_record
TN:
SF:src/components/Stations.tsx
FN:1,Stations
FNF:1
FNH:1
FNDA:1,Stations
DA:1,1
DA:2,1
LF:2
LH:2
BRF:0
BRH:0
end_of_record
TN:
SF:src/components/StyledLink.tsx
FN:9,StyledLink
FNF:1
FNH:1
FNDA:4,StyledLink
DA:1,2
DA:2,2
DA:9,2
DA:10,4
DA:11,4
LF:5
LH:5
BRF:0
BRH:0
end_of_record
